[debug] [2022-10-30T12:34:32.716Z] ----------------------------------------------------------------------
[debug] [2022-10-30T12:34:32.717Z] Command:       /usr/bin/node /home/nabil/.npm-global/bin/firebase init hosting
[debug] [2022-10-30T12:34:32.717Z] CLI Version:   11.15.0
[debug] [2022-10-30T12:34:32.718Z] Platform:      linux
[debug] [2022-10-30T12:34:32.718Z] Node Version:  v19.0.0
[debug] [2022-10-30T12:34:32.718Z] Time:          Sun Oct 30 2022 12:34:32 GMT+0000 (Greenwich Mean Time)
[debug] [2022-10-30T12:34:32.718Z] ----------------------------------------------------------------------
[debug] 
[debug] [2022-10-30T12:34:32.721Z] > command requires scopes: ["email","openid","https://www.googleapis.com/auth/cloudplatformprojects.readonly","https://www.googleapis.com/auth/firebase","https://www.googleapis.com/auth/cloud-platform"]
[debug] [2022-10-30T12:34:32.722Z] > authorizing via signed-in user (nabil.noble01@gmail.com)
[info] 
     ######## #### ########  ######## ########     ###     ######  ########
     ##        ##  ##     ## ##       ##     ##  ##   ##  ##       ##
     ######    ##  ########  ######   ########  #########  ######  ######
     ##        ##  ##    ##  ##       ##     ## ##     ##       ## ##
     ##       #### ##     ## ######## ########  ##     ##  ######  ########

You're about to initialize a Firebase project in this directory:

  /home/nabil/Projects/firebasetest

[info] 
=== Project Setup
[info] 
[info] First, let's associate this project directory with a Firebase project.
[info] You can create multiple project aliases by running firebase use --add, 
[info] but for now we'll just set up a default project.
[info] 
[debug] [2022-10-30T12:34:38.480Z] >>> [apiv2][query] GET https://firebase.googleapis.com/v1beta1/projects pageSize=100
[debug] [2022-10-30T12:34:39.876Z] <<< [apiv2][status] GET https://firebase.googleapis.com/v1beta1/projects 200
[debug] [2022-10-30T12:34:39.876Z] <<< [apiv2][body] GET https://firebase.googleapis.com/v1beta1/projects [omitted]
[info] i  Using project fir-test-d98de (firebasetest) 
[info] 
=== Hosting Setup
[info] 
[info] Your public directory is the folder (relative to your project directory) that
[info] will contain Hosting assets to be uploaded with firebase deploy. If you
[info] have a build process for your assets, use your build's output directory.
[info] 
[debug] [2022-10-30T12:36:14.737Z] >>> [apiv2][query] GET https://www.gstatic.com/firebasejs/releases.json [none]
[debug] [2022-10-30T12:36:15.958Z] <<< [apiv2][status] GET https://www.gstatic.com/firebasejs/releases.json 200
[debug] [2022-10-30T12:36:15.958Z] <<< [apiv2][body] GET https://www.gstatic.com/firebasejs/releases.json {"current":{"version":"9.13.0","browserURL":"https://www.gstatic.com/firebasejs/9.13.0/firebase.js","packageURL":"https://www.gstatic.com/firebasejs/9.13.0/firebase.tgz"},"live":{"version":"9.13","browserURL":"https://www.gstatic.com/firebasejs/live/9.13/firebase.js","packageURL":"https://www.gstatic.com/firebasejs/live/9.13/firebase.tgz"},"components":{"analytics":"https://www.gstatic.com/firebasejs/9.13.0/firebase-analytics.js","app":"https://www.gstatic.com/firebasejs/9.13.0/firebase-app.js","app-check":"https://www.gstatic.com/firebasejs/9.13.0/firebase-app-check.js","auth":"https://www.gstatic.com/firebasejs/9.13.0/firebase-auth.js","auth/cordova":"https://www.gstatic.com/firebasejs/9.13.0/firebase-auth/cordova.js","auth/react-native":"https://www.gstatic.com/firebasejs/9.13.0/firebase-auth/react-native.js","functions":"https://www.gstatic.com/firebasejs/9.13.0/firebase-functions.js","firestore":"https://www.gstatic.com/firebasejs/9.13.0/firebase-firestore.js","firestore/lite":"https://www.gstatic.com/firebasejs/9.13.0/firebase-firestore/lite.js","installations":"https://www.gstatic.com/firebasejs/9.13.0/firebase-installations.js","storage":"https://www.gstatic.com/firebasejs/9.13.0/firebase-storage.js","performance":"https://www.gstatic.com/firebasejs/9.13.0/firebase-performance.js","remote-config":"https://www.gstatic.com/firebasejs/9.13.0/firebase-remote-config.js","messaging":"https://www.gstatic.com/firebasejs/9.13.0/firebase-messaging.js","messaging/sw":"https://www.gstatic.com/firebasejs/9.13.0/firebase-messaging/sw.js","database":"https://www.gstatic.com/firebasejs/9.13.0/firebase-database.js","firestore.memory":"https://www.gstatic.com/firebasejs/9.13.0/firebase-firestore.memory.js"}}
[info] ✔  Wrote public/index.html 
[info] 
[info] i  Didn't detect a .git folder. Assuming /home/nabil/Projects/firebasetest is the project root. 
[info] i  Authorizing with GitHub to upload your service account to a GitHub repository's secrets store. 
[info] 
[info] Visit this URL on this device to log in:
[info] https://github.com/login/oauth/authorize?client_id=89cf50f02ac6aaed3484&state=478797190&redirect_uri=http%3A%2F%2Flocalhost%3A9005&scope=read%3Auser%20repo%20public_repo
[info] 
[info] Waiting for authentication...
[debug] [2022-10-30T12:36:29.655Z] >>> [apiv2][query] POST https://github.com/login/oauth/access_token [none]
[debug] [2022-10-30T12:36:29.656Z] >>> [apiv2][body] POST https://github.com/login/oauth/access_token [stream]
[debug] [2022-10-30T12:36:30.696Z] <<< [apiv2][status] POST https://github.com/login/oauth/access_token 200
[debug] [2022-10-30T12:36:30.696Z] <<< [apiv2][body] POST https://github.com/login/oauth/access_token {"access_token":"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","token_type":"bearer","scope":"read:user,repo"}
[debug] [2022-10-30T12:36:30.700Z] >>> [apiv2][query] GET https://api.github.com/user [none]
[debug] [2022-10-30T12:36:32.332Z] <<< [apiv2][status] GET https://api.github.com/user 200
[debug] [2022-10-30T12:36:32.332Z] <<< [apiv2][body] GET https://api.github.com/user {"login":"nabil2i","id":28634540,"node_id":"MDQ6VXNlcjI4NjM0NTQw","avatar_url":"https://avatars.githubusercontent.com/u/28634540?v=4","gravatar_id":"","url":"https://api.github.com/users/nabil2i","html_url":"https://github.com/nabil2i","followers_url":"https://api.github.com/users/nabil2i/followers","following_url":"https://api.github.com/users/nabil2i/following{/other_user}","gists_url":"https://api.github.com/users/nabil2i/gists{/gist_id}","starred_url":"https://api.github.com/users/nabil2i/starred{/owner}{/repo}","subscriptions_url":"https://api.github.com/users/nabil2i/subscriptions","organizations_url":"https://api.github.com/users/nabil2i/orgs","repos_url":"https://api.github.com/users/nabil2i/repos","events_url":"https://api.github.com/users/nabil2i/events{/privacy}","received_events_url":"https://api.github.com/users/nabil2i/received_events","type":"User","site_admin":false,"name":"Nabil","company":null,"blog":"","location":null,"email":null,"hireable":null,"bio":null,"twitter_username":"TheNabVerse","public_repos":28,"public_gists":0,"followers":2,"following":2,"created_at":"2017-05-11T19:58:04Z","updated_at":"2022-10-30T12:36:21Z","private_gists":0,"total_private_repos":1,"owned_private_repos":1,"disk_usage":2241,"collaborators":0,"two_factor_authentication":false,"plan":{"name":"free","space":976562499,"collaborators":0,"private_repos":10000}}
[info] 
[info] ✔  Success! Logged into GitHub as nabil2i 
[info] 
[debug] [2022-10-30T12:37:42.232Z] >>> [apiv2][query] GET https://api.github.com/repos//actions/secrets/public-key type=owner
[debug] [2022-10-30T12:37:43.330Z] <<< [apiv2][status] GET https://api.github.com/repos//actions/secrets/public-key 404
[debug] [2022-10-30T12:37:43.330Z] <<< [apiv2][body] GET https://api.github.com/repos//actions/secrets/public-key {"message":"Not Found","documentation_url":"https://docs.github.com/rest"}
[debug] [2022-10-30T12:37:56.260Z] >>> [apiv2][query] GET https://api.github.com/repos/nabil2i/firebasetest/actions/secrets/public-key type=owner
[debug] [2022-10-30T12:37:57.095Z] <<< [apiv2][status] GET https://api.github.com/repos/nabil2i/firebasetest/actions/secrets/public-key 404
[debug] [2022-10-30T12:37:57.095Z] <<< [apiv2][body] GET https://api.github.com/repos/nabil2i/firebasetest/actions/secrets/public-key {"message":"Not Found","documentation_url":"https://docs.github.com/rest/reference/actions#get-a-repository-public-key"}
